#! /usr/local/Cellar/icarus-verilog/10.2_1/bin/vvp
:ivl_version "10.2 (stable)" "(v10_2)";
:ivl_delay_selection "TYPICAL";
:vpi_time_precision + 0;
:vpi_module "system";
:vpi_module "vhdl_sys";
:vpi_module "v2005_math";
:vpi_module "va_math";
S_0x7f940842b070 .scope module, "run" "run" 2 22;
 .timescale 0 0;
v0x7f9408462a50_0 .var "clk", 0 0;
v0x7f9408462b00 .array "commit", 7 0, 0 0;
v0x7f9408462ba0_0 .var "head", 2 0;
v0x7f9408462c50_0 .var/i "i0", 31 0;
v0x7f9408462d00_0 .var/i "i1", 31 0;
v0x7f9408462df0_0 .var/i "i2", 31 0;
v0x7f9408462ea0 .array "instruction_memory", 15 0, 15 0;
v0x7f9408462f40 .array "instruction_queue", 3 0, 15 0;
v0x7f9408462fe0_0 .var "instruction_queue_head", 1 0;
v0x7f94084630f0_0 .var/i "instruction_queue_no_of_enteries", 31 0;
v0x7f94084631a0_0 .var "instruction_queue_tail", 1 0;
v0x7f9408463250_0 .var "iq_f", 0 0;
v0x7f94084632f0_0 .var/i "m", 31 0;
v0x7f94084633a0_0 .var/i "n", 31 0;
v0x7f9408463450_0 .var "pc", 3 0;
v0x7f9408463500 .array "reg_file", 15 0, 7 0;
v0x7f94084635a0 .array "reg_rename", 15 0, 2 0;
v0x7f9408463730 .array "reg_valid", 15 0, 0 0;
v0x7f94084637c0 .array "res1_dest", 3 0, 2 0;
v0x7f9408463850 .array "res1_execution_unit", 1 0, 0 0;
v0x7f94084638e0 .array "res1_free_entry", 3 0, 0 0;
v0x7f9408463970_0 .var "res1_i0", 15 0;
v0x7f9408463a00_0 .var "res1_i1", 15 0;
v0x7f9408463ab0 .array "res1_instructions", 3 0, 15 0;
v0x7f9408463b50 .array "res1_issued", 3 0, 0 0;
v0x7f9408463be0_0 .var/i "res1_no_of_enteries", 31 0;
v0x7f9408463c90 .array "res1_opcode", 3 0, 3 0;
v0x7f9408463d30 .array "res1_ready", 3 0, 0 0;
v0x7f9408463dc0 .array "res1_sr1", 3 0, 7 0;
v0x7f9408463e60 .array "res1_sr1_refrence", 3 0, 0 0;
v0x7f9408463ef0 .array "res1_sr2", 3 0, 7 0;
v0x7f9408463f90 .array "res1_sr2_refrence", 3 0, 0 0;
v0x7f9408464020_0 .var "res1_v0", 7 0;
v0x7f9408463650_0 .var "res1_v0_received", 0 0;
v0x7f94084642b0_0 .var "res1_v1", 7 0;
v0x7f9408464340_0 .var "res1_v1_received", 0 0;
v0x7f94084643d0 .array "res2_dest", 3 0, 2 0;
v0x7f9408464460_0 .var "res2_execution_unit", 0 0;
v0x7f9408464500 .array "res2_free_entry", 3 0, 0 0;
v0x7f9408464590_0 .var "res2_i", 15 0;
v0x7f9408464640 .array "res2_instructions", 3 0, 15 0;
v0x7f94084646e0 .array "res2_issued", 3 0, 0 0;
v0x7f9408464770_0 .var/i "res2_no_of_enteries", 31 0;
v0x7f9408464820 .array "res2_opcode", 3 0, 3 0;
v0x7f94084648c0 .array "res2_ready", 3 0, 0 0;
v0x7f9408464950 .array "res2_sr1", 3 0, 7 0;
v0x7f94084649f0 .array "res2_sr1_refrence", 3 0, 0 0;
v0x7f9408464a80 .array "res2_sr2", 3 0, 7 0;
v0x7f9408464b20 .array "res2_sr2_refrence", 3 0, 0 0;
v0x7f9408464bb0_0 .var "res2_v", 7 0;
v0x7f9408464c60_0 .var "res2_v_received", 0 0;
v0x7f9408464d00 .array "rob_dest_reg_feild", 7 0, 3 0;
v0x7f9408464da0 .array "rob_dest_reg_value", 7 0, 7 0;
v0x7f9408464e40_0 .var/i "rob_no_of_enteries", 31 0;
v0x7f9408464ef0 .array "rob_opcode_feild", 7 0, 3 0;
v0x7f9408464f90_0 .var "tail", 2 0;
v0x7f9408465040 .array "v_des", 7 0, 0 0;
S_0x7f94084022b0 .scope module, "i" "issue" 2 108, 3 1 0, S_0x7f940842b070;
 .timescale 0 0;
S_0x7f94084162f0 .scope module, "d" "decode" 3 3, 3 33 0, S_0x7f94084022b0;
 .timescale 0 0;
v0x7f940844c490_0 .var/i "i", 31 0;
v0x7f9408462100_0 .var/i "k", 31 0;
E_0x7f940844bc70 .event posedge, v0x7f9408462a50_0;
S_0x7f94084621a0 .scope module, "e" "execute" 3 4, 4 1 0, S_0x7f94084022b0;
 .timescale 0 0;
v0x7f9408462350_0 .var/i "i", 31 0;
v0x7f9408462400_0 .var/i "k", 31 0;
S_0x7f94084624b0 .scope module, "f" "fetch" 3 2, 3 10 0, S_0x7f94084022b0;
 .timescale 0 0;
S_0x7f9408462680 .scope module, "wb" "write_back" 3 5, 5 1 0, S_0x7f94084022b0;
 .timescale 0 0;
v0x7f9408462830_0 .var/i "i", 31 0;
v0x7f94084628e0_0 .var/i "j", 31 0;
v0x7f9408462990_0 .var/i "k", 31 0;
    .scope S_0x7f94084624b0;
T_0 ;
    %wait E_0x7f940844bc70;
    %delay 4, 0;
    %vpi_call 3 15 "$display", "--- FETCH STAGE ---  ", " " {0 0 0};
    %load/vec4 v0x7f9408463250_0;
    %nor/r;
    %flag_set/vec4 8;
    %jmp/0xz  T_0.0, 8;
    %load/vec4 v0x7f9408463450_0;
    %pad/u 6;
    %ix/vec4 4;
    %load/vec4a v0x7f9408462ea0, 4;
    %load/vec4 v0x7f94084631a0_0;
    %pad/u 4;
    %ix/vec4 4;
    %store/vec4a v0x7f9408462f40, 4, 0;
    %load/vec4 v0x7f94084631a0_0;
    %pad/u 4;
    %ix/vec4 4;
    %load/vec4a v0x7f9408462f40, 4;
    %vpi_call 3 19 "$display", "Fetched : %h ", S<0,vec4,u16> {1 0 0};
    %load/vec4 v0x7f94084630f0_0;
    %addi 1, 0, 32;
    %store/vec4 v0x7f94084630f0_0, 0, 32;
    %load/vec4 v0x7f94084631a0_0;
    %addi 1, 0, 2;
    %store/vec4 v0x7f94084631a0_0, 0, 2;
    %load/vec4 v0x7f94084630f0_0;
    %cmpi/e 4, 0, 32;
    %jmp/0xz  T_0.2, 4;
    %pushi/vec4 1, 0, 1;
    %store/vec4 v0x7f9408463250_0, 0, 1;
T_0.2 ;
    %load/vec4 v0x7f9408463450_0;
    %addi 1, 0, 4;
    %store/vec4 v0x7f9408463450_0, 0, 4;
    %jmp T_0.1;
T_0.0 ;
    %vpi_call 3 27 "$display", " Stall , IQ : Full , Next PC = %b  :  ", v0x7f9408463450_0 {0 0 0};
T_0.1 ;
    %jmp T_0;
    .thread T_0;
    .scope S_0x7f94084162f0;
T_1 ;
    %wait E_0x7f940844bc70;
    %delay 3, 0;
    %vpi_call 3 41 "$display", "--- DECODE STAGE --- " {0 0 0};
    %load/vec4 v0x7f94084630f0_0;
    %pushi/vec4 0, 0, 32;
    %cmp/e;
    %flag_get/vec4 4;
    %inv;
    %load/vec4 v0x7f9408464e40_0;
    %cmpi/s 8, 0, 32;
    %flag_get/vec4 5;
    %and;
    %flag_set/vec4 8;
    %jmp/0xz  T_1.0, 8;
    %load/vec4 v0x7f9408462fe0_0;
    %pad/u 4;
    %ix/vec4 4;
    %load/vec4a v0x7f9408462f40, 4;
    %parti/s 4, 12, 5;
    %dup/vec4;
    %pushi/vec4 0, 0, 4;
    %cmp/u;
    %jmp/1 T_1.2, 6;
    %dup/vec4;
    %pushi/vec4 1, 0, 4;
    %cmp/u;
    %jmp/1 T_1.3, 6;
    %dup/vec4;
    %pushi/vec4 2, 0, 4;
    %cmp/u;
    %jmp/1 T_1.4, 6;
    %dup/vec4;
    %pushi/vec4 3, 0, 4;
    %cmp/u;
    %jmp/1 T_1.5, 6;
    %load/vec4 v0x7f9408462fe0_0;
    %pad/u 4;
    %ix/vec4 4;
    %load/vec4a v0x7f9408462f40, 4;
    %parti/s 4, 12, 5;
    %vpi_call 3 199 "$display", "Unvalid Opcode %h", S<0,vec4,u4> {1 0 0};
    %jmp T_1.7;
T_1.2 ;
    %load/vec4 v0x7f9408463be0_0;
    %cmpi/s 4, 0, 32;
    %jmp/0xz  T_1.8, 5;
    %load/vec4 v0x7f9408462fe0_0;
    %pad/u 4;
    %ix/vec4 4;
    %load/vec4a v0x7f9408462f40, 4;
    %parti/s 4, 12, 5;
    %load/vec4 v0x7f9408464f90_0;
    %pad/u 5;
    %ix/vec4 4;
    %store/vec4a v0x7f9408464ef0, 4, 0;
    %load/vec4 v0x7f9408462fe0_0;
    %pad/u 4;
    %ix/vec4 4;
    %load/vec4a v0x7f9408462f40, 4;
    %parti/s 4, 8, 5;
    %load/vec4 v0x7f9408464f90_0;
    %pad/u 5;
    %ix/vec4 4;
    %store/vec4a v0x7f9408464d00, 4, 0;
    %pushi/vec4 0, 0, 1;
    %load/vec4 v0x7f9408464f90_0;
    %pad/u 5;
    %ix/vec4 4;
    %store/vec4a v0x7f9408465040, 4, 0;
    %load/vec4 v0x7f9408464e40_0;
    %addi 1, 0, 32;
    %store/vec4 v0x7f9408464e40_0, 0, 32;
    %pushi/vec4 0, 0, 32;
    %store/vec4 v0x7f940844c490_0, 0, 32;
T_1.10 ;
    %load/vec4 v0x7f940844c490_0;
    %cmpi/s 4, 0, 32;
    %jmp/0xz T_1.11, 5;
    %ix/getv/s 4, v0x7f940844c490_0;
    %load/vec4a v0x7f94084638e0, 4;
    %cmpi/e 1, 0, 1;
    %jmp/0xz  T_1.12, 4;
    %load/vec4 v0x7f940844c490_0;
    %store/vec4 v0x7f9408462100_0, 0, 32;
    %pushi/vec4 0, 0, 1;
    %ix/getv/s 4, v0x7f9408462100_0;
    %store/vec4a v0x7f94084638e0, 4, 0;
    %load/vec4 v0x7f9408463be0_0;
    %addi 1, 0, 32;
    %store/vec4 v0x7f9408463be0_0, 0, 32;
    %pushi/vec4 4, 0, 32;
    %store/vec4 v0x7f940844c490_0, 0, 32;
    %jmp T_1.13;
T_1.12 ;
    %load/vec4 v0x7f940844c490_0;
    %addi 1, 0, 32;
    %store/vec4 v0x7f940844c490_0, 0, 32;
T_1.13 ;
    %jmp T_1.10;
T_1.11 ;
    %load/vec4 v0x7f9408462fe0_0;
    %pad/u 4;
    %ix/vec4 4;
    %load/vec4a v0x7f9408462f40, 4;
    %ix/getv/s 4, v0x7f9408462100_0;
    %store/vec4a v0x7f9408463ab0, 4, 0;
    %load/vec4 v0x7f9408462fe0_0;
    %pad/u 4;
    %ix/vec4 4;
    %load/vec4a v0x7f9408462f40, 4;
    %parti/s 4, 12, 5;
    %ix/getv/s 4, v0x7f9408462100_0;
    %store/vec4a v0x7f9408463c90, 4, 0;
    %pushi/vec4 0, 0, 1;
    %ix/getv/s 4, v0x7f9408462100_0;
    %store/vec4a v0x7f9408463d30, 4, 0;
    %load/vec4 v0x7f9408462fe0_0;
    %pad/u 4;
    %ix/vec4 5;
    %load/vec4a v0x7f9408462f40, 5;
    %parti/s 4, 4, 4;
    %pad/u 6;
    %ix/vec4 4;
    %load/vec4a v0x7f9408463730, 4;
    %nor/r;
    %flag_set/vec4 8;
    %jmp/0xz  T_1.14, 8;
    %pushi/vec4 0, 0, 1;
    %ix/getv/s 4, v0x7f9408462100_0;
    %store/vec4a v0x7f9408463e60, 4, 0;
    %load/vec4 v0x7f9408462fe0_0;
    %pad/u 4;
    %ix/vec4 5;
    %load/vec4a v0x7f9408462f40, 5;
    %parti/s 4, 4, 4;
    %pad/u 6;
    %ix/vec4 4;
    %load/vec4a v0x7f94084635a0, 4;
    %pad/u 8;
    %ix/getv/s 4, v0x7f9408462100_0;
    %store/vec4a v0x7f9408463dc0, 4, 0;
    %jmp T_1.15;
T_1.14 ;
    %pushi/vec4 1, 0, 1;
    %ix/getv/s 4, v0x7f9408462100_0;
    %store/vec4a v0x7f9408463e60, 4, 0;
    %load/vec4 v0x7f9408462fe0_0;
    %pad/u 4;
    %ix/vec4 5;
    %load/vec4a v0x7f9408462f40, 5;
    %parti/s 4, 4, 4;
    %pad/u 6;
    %ix/vec4 4;
    %load/vec4a v0x7f9408463500, 4;
    %ix/getv/s 4, v0x7f9408462100_0;
    %store/vec4a v0x7f9408463dc0, 4, 0;
T_1.15 ;
    %load/vec4 v0x7f9408462fe0_0;
    %pad/u 4;
    %ix/vec4 5;
    %load/vec4a v0x7f9408462f40, 5;
    %parti/s 4, 0, 2;
    %pad/u 6;
    %ix/vec4 4;
    %load/vec4a v0x7f9408463730, 4;
    %nor/r;
    %flag_set/vec4 8;
    %jmp/0xz  T_1.16, 8;
    %pushi/vec4 0, 0, 1;
    %ix/getv/s 4, v0x7f9408462100_0;
    %store/vec4a v0x7f9408463f90, 4, 0;
    %load/vec4 v0x7f9408462fe0_0;
    %pad/u 4;
    %ix/vec4 5;
    %load/vec4a v0x7f9408462f40, 5;
    %parti/s 4, 0, 2;
    %pad/u 6;
    %ix/vec4 4;
    %load/vec4a v0x7f94084635a0, 4;
    %pad/u 8;
    %ix/getv/s 4, v0x7f9408462100_0;
    %store/vec4a v0x7f9408463ef0, 4, 0;
    %jmp T_1.17;
T_1.16 ;
    %pushi/vec4 1, 0, 1;
    %ix/getv/s 4, v0x7f9408462100_0;
    %store/vec4a v0x7f9408463f90, 4, 0;
    %load/vec4 v0x7f9408462fe0_0;
    %pad/u 4;
    %ix/vec4 5;
    %load/vec4a v0x7f9408462f40, 5;
    %parti/s 4, 0, 2;
    %pad/u 6;
    %ix/vec4 4;
    %load/vec4a v0x7f9408463500, 4;
    %ix/getv/s 4, v0x7f9408462100_0;
    %store/vec4a v0x7f9408463ef0, 4, 0;
T_1.17 ;
    %load/vec4 v0x7f9408464f90_0;
    %ix/getv/s 4, v0x7f9408462100_0;
    %store/vec4a v0x7f94084637c0, 4, 0;
    %load/vec4 v0x7f9408464f90_0;
    %load/vec4 v0x7f9408462fe0_0;
    %pad/u 4;
    %ix/vec4 5;
    %load/vec4a v0x7f9408462f40, 5;
    %parti/s 4, 8, 5;
    %pad/u 6;
    %ix/vec4 4;
    %store/vec4a v0x7f94084635a0, 4, 0;
    %pushi/vec4 0, 0, 1;
    %load/vec4 v0x7f9408462fe0_0;
    %pad/u 4;
    %ix/vec4 5;
    %load/vec4a v0x7f9408462f40, 5;
    %parti/s 4, 8, 5;
    %pad/u 6;
    %ix/vec4 4;
    %store/vec4a v0x7f9408463730, 4, 0;
    %load/vec4 v0x7f9408464f90_0;
    %addi 1, 0, 3;
    %store/vec4 v0x7f9408464f90_0, 0, 3;
    %ix/getv/s 4, v0x7f9408462100_0;
    %load/vec4a v0x7f9408463e60, 4;
    %pushi/vec4 1, 0, 1;
    %cmp/e;
    %flag_get/vec4 4;
    %ix/getv/s 4, v0x7f9408462100_0;
    %load/vec4a v0x7f9408463f90, 4;
    %pushi/vec4 1, 0, 1;
    %cmp/e;
    %flag_get/vec4 4;
    %and;
    %ix/getv/s 4, v0x7f9408462100_0;
    %load/vec4a v0x7f94084638e0, 4;
    %pushi/vec4 0, 0, 1;
    %cmp/e;
    %flag_get/vec4 4;
    %and;
    %flag_set/vec4 8;
    %jmp/0xz  T_1.18, 8;
    %pushi/vec4 1, 0, 1;
    %ix/getv/s 4, v0x7f9408462100_0;
    %store/vec4a v0x7f9408463d30, 4, 0;
    %vpi_call 3 106 "$display", "This entry is ready" {0 0 0};
    %jmp T_1.19;
T_1.18 ;
    %pushi/vec4 0, 0, 1;
    %ix/getv/s 4, v0x7f9408462100_0;
    %store/vec4a v0x7f9408463d30, 4, 0;
T_1.19 ;
    %pushi/vec4 0, 0, 1;
    %ix/getv/s 4, v0x7f9408462100_0;
    %store/vec4a v0x7f9408463b50, 4, 0;
    %load/vec4 v0x7f9408462fe0_0;
    %pad/u 4;
    %ix/vec4 4;
    %load/vec4a v0x7f9408462f40, 4;
    %vpi_call 3 112 "$display", " Decoded : %h , Location : RS1", S<0,vec4,u16> {1 0 0};
    %load/vec4 v0x7f9408462fe0_0;
    %addi 1, 0, 2;
    %store/vec4 v0x7f9408462fe0_0, 0, 2;
    %load/vec4 v0x7f94084630f0_0;
    %subi 1, 0, 32;
    %store/vec4 v0x7f94084630f0_0, 0, 32;
    %jmp T_1.9;
T_1.8 ;
    %vpi_call 3 119 "$display", "Stall , RS1 : Full" {0 0 0};
T_1.9 ;
    %jmp T_1.7;
T_1.3 ;
    %load/vec4 v0x7f9408463be0_0;
    %cmpi/s 4, 0, 32;
    %jmp/0xz  T_1.20, 5;
    %load/vec4 v0x7f9408462fe0_0;
    %pad/u 4;
    %ix/vec4 4;
    %load/vec4a v0x7f9408462f40, 4;
    %parti/s 4, 12, 5;
    %load/vec4 v0x7f9408464f90_0;
    %pad/u 5;
    %ix/vec4 4;
    %store/vec4a v0x7f9408464ef0, 4, 0;
    %load/vec4 v0x7f9408462fe0_0;
    %pad/u 4;
    %ix/vec4 4;
    %load/vec4a v0x7f9408462f40, 4;
    %parti/s 4, 8, 5;
    %load/vec4 v0x7f9408464f90_0;
    %pad/u 5;
    %ix/vec4 4;
    %store/vec4a v0x7f9408464d00, 4, 0;
    %pushi/vec4 0, 0, 1;
    %load/vec4 v0x7f9408464f90_0;
    %pad/u 5;
    %ix/vec4 4;
    %store/vec4a v0x7f9408465040, 4, 0;
    %load/vec4 v0x7f9408464e40_0;
    %addi 1, 0, 32;
    %store/vec4 v0x7f9408464e40_0, 0, 32;
    %pushi/vec4 0, 0, 32;
    %store/vec4 v0x7f940844c490_0, 0, 32;
T_1.22 ;
    %load/vec4 v0x7f940844c490_0;
    %cmpi/s 4, 0, 32;
    %jmp/0xz T_1.23, 5;
    %ix/getv/s 4, v0x7f940844c490_0;
    %load/vec4a v0x7f94084638e0, 4;
    %cmpi/e 1, 0, 1;
    %jmp/0xz  T_1.24, 4;
    %load/vec4 v0x7f940844c490_0;
    %store/vec4 v0x7f9408462100_0, 0, 32;
    %pushi/vec4 0, 0, 1;
    %ix/getv/s 4, v0x7f9408462100_0;
    %store/vec4a v0x7f94084638e0, 4, 0;
    %load/vec4 v0x7f9408463be0_0;
    %addi 1, 0, 32;
    %store/vec4 v0x7f9408463be0_0, 0, 32;
    %pushi/vec4 4, 0, 32;
    %store/vec4 v0x7f940844c490_0, 0, 32;
    %jmp T_1.25;
T_1.24 ;
    %load/vec4 v0x7f940844c490_0;
    %addi 1, 0, 32;
    %store/vec4 v0x7f940844c490_0, 0, 32;
T_1.25 ;
    %jmp T_1.22;
T_1.23 ;
    %load/vec4 v0x7f9408462fe0_0;
    %pad/u 4;
    %ix/vec4 4;
    %load/vec4a v0x7f9408462f40, 4;
    %ix/getv/s 4, v0x7f9408462100_0;
    %store/vec4a v0x7f9408463ab0, 4, 0;
    %load/vec4 v0x7f9408462fe0_0;
    %pad/u 4;
    %ix/vec4 4;
    %load/vec4a v0x7f9408462f40, 4;
    %parti/s 4, 12, 5;
    %ix/getv/s 4, v0x7f9408462100_0;
    %store/vec4a v0x7f9408463c90, 4, 0;
    %pushi/vec4 0, 0, 1;
    %ix/getv/s 4, v0x7f9408462100_0;
    %store/vec4a v0x7f9408463d30, 4, 0;
    %load/vec4 v0x7f9408462fe0_0;
    %pad/u 4;
    %ix/vec4 5;
    %load/vec4a v0x7f9408462f40, 5;
    %parti/s 4, 4, 4;
    %pad/u 6;
    %ix/vec4 4;
    %load/vec4a v0x7f9408463730, 4;
    %nor/r;
    %flag_set/vec4 8;
    %jmp/0xz  T_1.26, 8;
    %pushi/vec4 0, 0, 1;
    %ix/getv/s 4, v0x7f9408462100_0;
    %store/vec4a v0x7f9408463e60, 4, 0;
    %load/vec4 v0x7f9408462fe0_0;
    %pad/u 4;
    %ix/vec4 5;
    %load/vec4a v0x7f9408462f40, 5;
    %parti/s 4, 4, 4;
    %pad/u 6;
    %ix/vec4 4;
    %load/vec4a v0x7f94084635a0, 4;
    %pad/u 8;
    %ix/getv/s 4, v0x7f9408462100_0;
    %store/vec4a v0x7f9408463dc0, 4, 0;
    %jmp T_1.27;
T_1.26 ;
    %pushi/vec4 1, 0, 1;
    %ix/getv/s 4, v0x7f9408462100_0;
    %store/vec4a v0x7f9408463e60, 4, 0;
    %load/vec4 v0x7f9408462fe0_0;
    %pad/u 4;
    %ix/vec4 5;
    %load/vec4a v0x7f9408462f40, 5;
    %parti/s 4, 4, 4;
    %pad/u 6;
    %ix/vec4 4;
    %load/vec4a v0x7f9408463500, 4;
    %ix/getv/s 4, v0x7f9408462100_0;
    %store/vec4a v0x7f9408463dc0, 4, 0;
T_1.27 ;
    %load/vec4 v0x7f9408462fe0_0;
    %pad/u 4;
    %ix/vec4 5;
    %load/vec4a v0x7f9408462f40, 5;
    %parti/s 4, 0, 2;
    %pad/u 6;
    %ix/vec4 4;
    %load/vec4a v0x7f9408463730, 4;
    %nor/r;
    %flag_set/vec4 8;
    %jmp/0xz  T_1.28, 8;
    %pushi/vec4 0, 0, 1;
    %ix/getv/s 4, v0x7f9408462100_0;
    %store/vec4a v0x7f9408463f90, 4, 0;
    %load/vec4 v0x7f9408462fe0_0;
    %pad/u 4;
    %ix/vec4 5;
    %load/vec4a v0x7f9408462f40, 5;
    %parti/s 4, 0, 2;
    %pad/u 6;
    %ix/vec4 4;
    %load/vec4a v0x7f94084635a0, 4;
    %pad/u 8;
    %ix/getv/s 4, v0x7f9408462100_0;
    %store/vec4a v0x7f9408463ef0, 4, 0;
    %jmp T_1.29;
T_1.28 ;
    %pushi/vec4 1, 0, 1;
    %ix/getv/s 4, v0x7f9408462100_0;
    %store/vec4a v0x7f9408463f90, 4, 0;
    %load/vec4 v0x7f9408462fe0_0;
    %pad/u 4;
    %ix/vec4 5;
    %load/vec4a v0x7f9408462f40, 5;
    %parti/s 4, 0, 2;
    %pad/u 6;
    %ix/vec4 4;
    %load/vec4a v0x7f9408463500, 4;
    %ix/getv/s 4, v0x7f9408462100_0;
    %store/vec4a v0x7f9408463ef0, 4, 0;
T_1.29 ;
    %load/vec4 v0x7f9408464f90_0;
    %ix/getv/s 4, v0x7f9408462100_0;
    %store/vec4a v0x7f94084637c0, 4, 0;
    %load/vec4 v0x7f9408464f90_0;
    %load/vec4 v0x7f9408462fe0_0;
    %pad/u 4;
    %ix/vec4 5;
    %load/vec4a v0x7f9408462f40, 5;
    %parti/s 4, 8, 5;
    %pad/u 6;
    %ix/vec4 4;
    %store/vec4a v0x7f94084635a0, 4, 0;
    %pushi/vec4 0, 0, 1;
    %load/vec4 v0x7f9408462fe0_0;
    %pad/u 4;
    %ix/vec4 5;
    %load/vec4a v0x7f9408462f40, 5;
    %parti/s 4, 8, 5;
    %pad/u 6;
    %ix/vec4 4;
    %store/vec4a v0x7f9408463730, 4, 0;
    %load/vec4 v0x7f9408464f90_0;
    %addi 1, 0, 3;
    %store/vec4 v0x7f9408464f90_0, 0, 3;
    %ix/getv/s 4, v0x7f9408462100_0;
    %load/vec4a v0x7f9408463e60, 4;
    %pushi/vec4 1, 0, 1;
    %cmp/e;
    %flag_get/vec4 4;
    %ix/getv/s 4, v0x7f9408462100_0;
    %load/vec4a v0x7f9408463f90, 4;
    %pushi/vec4 1, 0, 1;
    %cmp/e;
    %flag_get/vec4 4;
    %and;
    %ix/getv/s 4, v0x7f9408462100_0;
    %load/vec4a v0x7f94084638e0, 4;
    %pushi/vec4 0, 0, 1;
    %cmp/e;
    %flag_get/vec4 4;
    %and;
    %flag_set/vec4 8;
    %jmp/0xz  T_1.30, 8;
    %pushi/vec4 1, 0, 1;
    %ix/getv/s 4, v0x7f9408462100_0;
    %store/vec4a v0x7f9408463d30, 4, 0;
    %vpi_call 3 106 "$display", "This entry is ready" {0 0 0};
    %jmp T_1.31;
T_1.30 ;
    %pushi/vec4 0, 0, 1;
    %ix/getv/s 4, v0x7f9408462100_0;
    %store/vec4a v0x7f9408463d30, 4, 0;
T_1.31 ;
    %pushi/vec4 0, 0, 1;
    %ix/getv/s 4, v0x7f9408462100_0;
    %store/vec4a v0x7f9408463b50, 4, 0;
    %load/vec4 v0x7f9408462fe0_0;
    %pad/u 4;
    %ix/vec4 4;
    %load/vec4a v0x7f9408462f40, 4;
    %vpi_call 3 112 "$display", " Decoded : %h , Location : RS1", S<0,vec4,u16> {1 0 0};
    %load/vec4 v0x7f9408462fe0_0;
    %addi 1, 0, 2;
    %store/vec4 v0x7f9408462fe0_0, 0, 2;
    %load/vec4 v0x7f94084630f0_0;
    %subi 1, 0, 32;
    %store/vec4 v0x7f94084630f0_0, 0, 32;
    %jmp T_1.21;
T_1.20 ;
    %vpi_call 3 119 "$display", "Stall , RS1 : Full" {0 0 0};
T_1.21 ;
    %jmp T_1.7;
T_1.4 ;
    %load/vec4 v0x7f9408463be0_0;
    %cmpi/s 4, 0, 32;
    %jmp/0xz  T_1.32, 5;
    %load/vec4 v0x7f9408462fe0_0;
    %pad/u 4;
    %ix/vec4 4;
    %load/vec4a v0x7f9408462f40, 4;
    %parti/s 4, 12, 5;
    %load/vec4 v0x7f9408464f90_0;
    %pad/u 5;
    %ix/vec4 4;
    %store/vec4a v0x7f9408464ef0, 4, 0;
    %load/vec4 v0x7f9408462fe0_0;
    %pad/u 4;
    %ix/vec4 4;
    %load/vec4a v0x7f9408462f40, 4;
    %parti/s 4, 8, 5;
    %load/vec4 v0x7f9408464f90_0;
    %pad/u 5;
    %ix/vec4 4;
    %store/vec4a v0x7f9408464d00, 4, 0;
    %pushi/vec4 0, 0, 1;
    %load/vec4 v0x7f9408464f90_0;
    %pad/u 5;
    %ix/vec4 4;
    %store/vec4a v0x7f9408465040, 4, 0;
    %load/vec4 v0x7f9408464e40_0;
    %addi 1, 0, 32;
    %store/vec4 v0x7f9408464e40_0, 0, 32;
    %pushi/vec4 0, 0, 32;
    %store/vec4 v0x7f940844c490_0, 0, 32;
T_1.34 ;
    %load/vec4 v0x7f940844c490_0;
    %cmpi/s 4, 0, 32;
    %jmp/0xz T_1.35, 5;
    %ix/getv/s 4, v0x7f940844c490_0;
    %load/vec4a v0x7f9408464500, 4;
    %cmpi/e 1, 0, 1;
    %jmp/0xz  T_1.36, 4;
    %load/vec4 v0x7f940844c490_0;
    %store/vec4 v0x7f9408462100_0, 0, 32;
    %pushi/vec4 0, 0, 1;
    %ix/getv/s 4, v0x7f9408462100_0;
    %store/vec4a v0x7f9408464500, 4, 0;
    %load/vec4 v0x7f9408464770_0;
    %addi 1, 0, 32;
    %store/vec4 v0x7f9408464770_0, 0, 32;
    %pushi/vec4 4, 0, 32;
    %store/vec4 v0x7f940844c490_0, 0, 32;
    %jmp T_1.37;
T_1.36 ;
    %load/vec4 v0x7f940844c490_0;
    %addi 1, 0, 32;
    %store/vec4 v0x7f940844c490_0, 0, 32;
T_1.37 ;
    %jmp T_1.34;
T_1.35 ;
    %load/vec4 v0x7f9408462fe0_0;
    %pad/u 4;
    %ix/vec4 4;
    %load/vec4a v0x7f9408462f40, 4;
    %ix/getv/s 4, v0x7f9408462100_0;
    %store/vec4a v0x7f9408464640, 4, 0;
    %load/vec4 v0x7f9408462fe0_0;
    %pad/u 4;
    %ix/vec4 4;
    %load/vec4a v0x7f9408462f40, 4;
    %parti/s 4, 12, 5;
    %ix/getv/s 4, v0x7f9408462100_0;
    %store/vec4a v0x7f9408464820, 4, 0;
    %pushi/vec4 0, 0, 1;
    %ix/getv/s 4, v0x7f9408462100_0;
    %store/vec4a v0x7f94084648c0, 4, 0;
    %load/vec4 v0x7f9408462fe0_0;
    %pad/u 4;
    %ix/vec4 5;
    %load/vec4a v0x7f9408462f40, 5;
    %parti/s 4, 4, 4;
    %pad/u 6;
    %ix/vec4 4;
    %load/vec4a v0x7f9408463730, 4;
    %nor/r;
    %flag_set/vec4 8;
    %jmp/0xz  T_1.38, 8;
    %pushi/vec4 0, 0, 1;
    %ix/getv/s 4, v0x7f9408462100_0;
    %store/vec4a v0x7f94084649f0, 4, 0;
    %load/vec4 v0x7f9408462fe0_0;
    %pad/u 4;
    %ix/vec4 5;
    %load/vec4a v0x7f9408462f40, 5;
    %parti/s 4, 4, 4;
    %pad/u 6;
    %ix/vec4 4;
    %load/vec4a v0x7f94084635a0, 4;
    %pad/u 8;
    %ix/getv/s 4, v0x7f9408462100_0;
    %store/vec4a v0x7f9408464950, 4, 0;
    %jmp T_1.39;
T_1.38 ;
    %pushi/vec4 1, 0, 1;
    %ix/getv/s 4, v0x7f9408462100_0;
    %store/vec4a v0x7f94084649f0, 4, 0;
    %vpi_call 3 160 "$display", "sr1 fine" {0 0 0};
    %load/vec4 v0x7f9408462fe0_0;
    %pad/u 4;
    %ix/vec4 5;
    %load/vec4a v0x7f9408462f40, 5;
    %parti/s 4, 4, 4;
    %pad/u 6;
    %ix/vec4 4;
    %load/vec4a v0x7f9408463500, 4;
    %ix/getv/s 4, v0x7f9408462100_0;
    %store/vec4a v0x7f9408464950, 4, 0;
T_1.39 ;
    %load/vec4 v0x7f9408462fe0_0;
    %pad/u 4;
    %ix/vec4 5;
    %load/vec4a v0x7f9408462f40, 5;
    %parti/s 4, 0, 2;
    %pad/u 6;
    %ix/vec4 4;
    %load/vec4a v0x7f9408463730, 4;
    %nor/r;
    %flag_set/vec4 8;
    %jmp/0xz  T_1.40, 8;
    %pushi/vec4 0, 0, 1;
    %ix/getv/s 4, v0x7f9408462100_0;
    %store/vec4a v0x7f9408464b20, 4, 0;
    %load/vec4 v0x7f9408462fe0_0;
    %pad/u 4;
    %ix/vec4 5;
    %load/vec4a v0x7f9408462f40, 5;
    %parti/s 4, 0, 2;
    %pad/u 6;
    %ix/vec4 4;
    %load/vec4a v0x7f94084635a0, 4;
    %pad/u 8;
    %ix/getv/s 4, v0x7f9408462100_0;
    %store/vec4a v0x7f9408464a80, 4, 0;
    %jmp T_1.41;
T_1.40 ;
    %pushi/vec4 1, 0, 1;
    %ix/getv/s 4, v0x7f9408462100_0;
    %store/vec4a v0x7f9408464b20, 4, 0;
    %vpi_call 3 173 "$display", "sr2 fine" {0 0 0};
    %load/vec4 v0x7f9408462fe0_0;
    %pad/u 4;
    %ix/vec4 5;
    %load/vec4a v0x7f9408462f40, 5;
    %parti/s 4, 0, 2;
    %pad/u 6;
    %ix/vec4 4;
    %load/vec4a v0x7f9408463500, 4;
    %ix/getv/s 4, v0x7f9408462100_0;
    %store/vec4a v0x7f9408464a80, 4, 0;
T_1.41 ;
    %load/vec4 v0x7f9408464f90_0;
    %ix/getv/s 4, v0x7f9408462100_0;
    %store/vec4a v0x7f94084643d0, 4, 0;
    %load/vec4 v0x7f9408464f90_0;
    %load/vec4 v0x7f9408462fe0_0;
    %pad/u 4;
    %ix/vec4 5;
    %load/vec4a v0x7f9408462f40, 5;
    %parti/s 4, 8, 5;
    %pad/u 6;
    %ix/vec4 4;
    %store/vec4a v0x7f94084635a0, 4, 0;
    %pushi/vec4 0, 0, 1;
    %load/vec4 v0x7f9408462fe0_0;
    %pad/u 4;
    %ix/vec4 5;
    %load/vec4a v0x7f9408462f40, 5;
    %parti/s 4, 8, 5;
    %pad/u 6;
    %ix/vec4 4;
    %store/vec4a v0x7f9408463730, 4, 0;
    %load/vec4 v0x7f9408464f90_0;
    %addi 1, 0, 3;
    %store/vec4 v0x7f9408464f90_0, 0, 3;
    %ix/getv/s 4, v0x7f9408462100_0;
    %load/vec4a v0x7f94084649f0, 4;
    %pushi/vec4 1, 0, 1;
    %cmp/e;
    %flag_get/vec4 4;
    %ix/getv/s 4, v0x7f9408462100_0;
    %load/vec4a v0x7f9408464b20, 4;
    %pushi/vec4 1, 0, 1;
    %cmp/e;
    %flag_get/vec4 4;
    %and;
    %ix/getv/s 4, v0x7f9408462100_0;
    %load/vec4a v0x7f9408464500, 4;
    %pushi/vec4 0, 0, 1;
    %cmp/e;
    %flag_get/vec4 4;
    %and;
    %flag_set/vec4 8;
    %jmp/0xz  T_1.42, 8;
    %pushi/vec4 1, 0, 1;
    %ix/getv/s 4, v0x7f9408462100_0;
    %store/vec4a v0x7f94084648c0, 4, 0;
    %vpi_call 3 185 "$display", "This entry is ready" {0 0 0};
    %jmp T_1.43;
T_1.42 ;
    %pushi/vec4 0, 0, 1;
    %ix/getv/s 4, v0x7f9408462100_0;
    %store/vec4a v0x7f94084648c0, 4, 0;
T_1.43 ;
    %pushi/vec4 0, 0, 1;
    %ix/getv/s 4, v0x7f9408462100_0;
    %store/vec4a v0x7f94084646e0, 4, 0;
    %load/vec4 v0x7f9408462fe0_0;
    %pad/u 4;
    %ix/vec4 4;
    %load/vec4a v0x7f9408462f40, 4;
    %vpi_call 3 191 "$display", " Decoded : %h , Location : RS2", S<0,vec4,u16> {1 0 0};
    %load/vec4 v0x7f9408462fe0_0;
    %addi 1, 0, 2;
    %store/vec4 v0x7f9408462fe0_0, 0, 2;
    %load/vec4 v0x7f94084630f0_0;
    %subi 1, 0, 32;
    %store/vec4 v0x7f94084630f0_0, 0, 32;
    %jmp T_1.33;
T_1.32 ;
    %vpi_call 3 197 "$display", "Stall , RS2 : Full" {0 0 0};
T_1.33 ;
    %jmp T_1.7;
T_1.5 ;
    %load/vec4 v0x7f9408463be0_0;
    %cmpi/s 4, 0, 32;
    %jmp/0xz  T_1.44, 5;
    %load/vec4 v0x7f9408462fe0_0;
    %pad/u 4;
    %ix/vec4 4;
    %load/vec4a v0x7f9408462f40, 4;
    %parti/s 4, 12, 5;
    %load/vec4 v0x7f9408464f90_0;
    %pad/u 5;
    %ix/vec4 4;
    %store/vec4a v0x7f9408464ef0, 4, 0;
    %load/vec4 v0x7f9408462fe0_0;
    %pad/u 4;
    %ix/vec4 4;
    %load/vec4a v0x7f9408462f40, 4;
    %parti/s 4, 8, 5;
    %load/vec4 v0x7f9408464f90_0;
    %pad/u 5;
    %ix/vec4 4;
    %store/vec4a v0x7f9408464d00, 4, 0;
    %pushi/vec4 0, 0, 1;
    %load/vec4 v0x7f9408464f90_0;
    %pad/u 5;
    %ix/vec4 4;
    %store/vec4a v0x7f9408465040, 4, 0;
    %load/vec4 v0x7f9408464e40_0;
    %addi 1, 0, 32;
    %store/vec4 v0x7f9408464e40_0, 0, 32;
    %pushi/vec4 0, 0, 32;
    %store/vec4 v0x7f940844c490_0, 0, 32;
T_1.46 ;
    %load/vec4 v0x7f940844c490_0;
    %cmpi/s 4, 0, 32;
    %jmp/0xz T_1.47, 5;
    %ix/getv/s 4, v0x7f940844c490_0;
    %load/vec4a v0x7f9408464500, 4;
    %cmpi/e 1, 0, 1;
    %jmp/0xz  T_1.48, 4;
    %load/vec4 v0x7f940844c490_0;
    %store/vec4 v0x7f9408462100_0, 0, 32;
    %pushi/vec4 0, 0, 1;
    %ix/getv/s 4, v0x7f9408462100_0;
    %store/vec4a v0x7f9408464500, 4, 0;
    %load/vec4 v0x7f9408464770_0;
    %addi 1, 0, 32;
    %store/vec4 v0x7f9408464770_0, 0, 32;
    %pushi/vec4 4, 0, 32;
    %store/vec4 v0x7f940844c490_0, 0, 32;
    %jmp T_1.49;
T_1.48 ;
    %load/vec4 v0x7f940844c490_0;
    %addi 1, 0, 32;
    %store/vec4 v0x7f940844c490_0, 0, 32;
T_1.49 ;
    %jmp T_1.46;
T_1.47 ;
    %load/vec4 v0x7f9408462fe0_0;
    %pad/u 4;
    %ix/vec4 4;
    %load/vec4a v0x7f9408462f40, 4;
    %ix/getv/s 4, v0x7f9408462100_0;
    %store/vec4a v0x7f9408464640, 4, 0;
    %load/vec4 v0x7f9408462fe0_0;
    %pad/u 4;
    %ix/vec4 4;
    %load/vec4a v0x7f9408462f40, 4;
    %parti/s 4, 12, 5;
    %ix/getv/s 4, v0x7f9408462100_0;
    %store/vec4a v0x7f9408464820, 4, 0;
    %pushi/vec4 0, 0, 1;
    %ix/getv/s 4, v0x7f9408462100_0;
    %store/vec4a v0x7f94084648c0, 4, 0;
    %load/vec4 v0x7f9408462fe0_0;
    %pad/u 4;
    %ix/vec4 5;
    %load/vec4a v0x7f9408462f40, 5;
    %parti/s 4, 4, 4;
    %pad/u 6;
    %ix/vec4 4;
    %load/vec4a v0x7f9408463730, 4;
    %nor/r;
    %flag_set/vec4 8;
    %jmp/0xz  T_1.50, 8;
    %pushi/vec4 0, 0, 1;
    %ix/getv/s 4, v0x7f9408462100_0;
    %store/vec4a v0x7f94084649f0, 4, 0;
    %load/vec4 v0x7f9408462fe0_0;
    %pad/u 4;
    %ix/vec4 5;
    %load/vec4a v0x7f9408462f40, 5;
    %parti/s 4, 4, 4;
    %pad/u 6;
    %ix/vec4 4;
    %load/vec4a v0x7f94084635a0, 4;
    %pad/u 8;
    %ix/getv/s 4, v0x7f9408462100_0;
    %store/vec4a v0x7f9408464950, 4, 0;
    %jmp T_1.51;
T_1.50 ;
    %pushi/vec4 1, 0, 1;
    %ix/getv/s 4, v0x7f9408462100_0;
    %store/vec4a v0x7f94084649f0, 4, 0;
    %vpi_call 3 160 "$display", "sr1 fine" {0 0 0};
    %load/vec4 v0x7f9408462fe0_0;
    %pad/u 4;
    %ix/vec4 5;
    %load/vec4a v0x7f9408462f40, 5;
    %parti/s 4, 4, 4;
    %pad/u 6;
    %ix/vec4 4;
    %load/vec4a v0x7f9408463500, 4;
    %ix/getv/s 4, v0x7f9408462100_0;
    %store/vec4a v0x7f9408464950, 4, 0;
T_1.51 ;
    %load/vec4 v0x7f9408462fe0_0;
    %pad/u 4;
    %ix/vec4 5;
    %load/vec4a v0x7f9408462f40, 5;
    %parti/s 4, 0, 2;
    %pad/u 6;
    %ix/vec4 4;
    %load/vec4a v0x7f9408463730, 4;
    %nor/r;
    %flag_set/vec4 8;
    %jmp/0xz  T_1.52, 8;
    %pushi/vec4 0, 0, 1;
    %ix/getv/s 4, v0x7f9408462100_0;
    %store/vec4a v0x7f9408464b20, 4, 0;
    %load/vec4 v0x7f9408462fe0_0;
    %pad/u 4;
    %ix/vec4 5;
    %load/vec4a v0x7f9408462f40, 5;
    %parti/s 4, 0, 2;
    %pad/u 6;
    %ix/vec4 4;
    %load/vec4a v0x7f94084635a0, 4;
    %pad/u 8;
    %ix/getv/s 4, v0x7f9408462100_0;
    %store/vec4a v0x7f9408464a80, 4, 0;
    %jmp T_1.53;
T_1.52 ;
    %pushi/vec4 1, 0, 1;
    %ix/getv/s 4, v0x7f9408462100_0;
    %store/vec4a v0x7f9408464b20, 4, 0;
    %vpi_call 3 173 "$display", "sr2 fine" {0 0 0};
    %load/vec4 v0x7f9408462fe0_0;
    %pad/u 4;
    %ix/vec4 5;
    %load/vec4a v0x7f9408462f40, 5;
    %parti/s 4, 0, 2;
    %pad/u 6;
    %ix/vec4 4;
    %load/vec4a v0x7f9408463500, 4;
    %ix/getv/s 4, v0x7f9408462100_0;
    %store/vec4a v0x7f9408464a80, 4, 0;
T_1.53 ;
    %load/vec4 v0x7f9408464f90_0;
    %ix/getv/s 4, v0x7f9408462100_0;
    %store/vec4a v0x7f94084643d0, 4, 0;
    %load/vec4 v0x7f9408464f90_0;
    %load/vec4 v0x7f9408462fe0_0;
    %pad/u 4;
    %ix/vec4 5;
    %load/vec4a v0x7f9408462f40, 5;
    %parti/s 4, 8, 5;
    %pad/u 6;
    %ix/vec4 4;
    %store/vec4a v0x7f94084635a0, 4, 0;
    %pushi/vec4 0, 0, 1;
    %load/vec4 v0x7f9408462fe0_0;
    %pad/u 4;
    %ix/vec4 5;
    %load/vec4a v0x7f9408462f40, 5;
    %parti/s 4, 8, 5;
    %pad/u 6;
    %ix/vec4 4;
    %store/vec4a v0x7f9408463730, 4, 0;
    %load/vec4 v0x7f9408464f90_0;
    %addi 1, 0, 3;
    %store/vec4 v0x7f9408464f90_0, 0, 3;
    %ix/getv/s 4, v0x7f9408462100_0;
    %load/vec4a v0x7f94084649f0, 4;
    %pushi/vec4 1, 0, 1;
    %cmp/e;
    %flag_get/vec4 4;
    %ix/getv/s 4, v0x7f9408462100_0;
    %load/vec4a v0x7f9408464b20, 4;
    %pushi/vec4 1, 0, 1;
    %cmp/e;
    %flag_get/vec4 4;
    %and;
    %ix/getv/s 4, v0x7f9408462100_0;
    %load/vec4a v0x7f9408464500, 4;
    %pushi/vec4 0, 0, 1;
    %cmp/e;
    %flag_get/vec4 4;
    %and;
    %flag_set/vec4 8;
    %jmp/0xz  T_1.54, 8;
    %pushi/vec4 1, 0, 1;
    %ix/getv/s 4, v0x7f9408462100_0;
    %store/vec4a v0x7f94084648c0, 4, 0;
    %vpi_call 3 185 "$display", "This entry is ready" {0 0 0};
    %jmp T_1.55;
T_1.54 ;
    %pushi/vec4 0, 0, 1;
    %ix/getv/s 4, v0x7f9408462100_0;
    %store/vec4a v0x7f94084648c0, 4, 0;
T_1.55 ;
    %pushi/vec4 0, 0, 1;
    %ix/getv/s 4, v0x7f9408462100_0;
    %store/vec4a v0x7f94084646e0, 4, 0;
    %load/vec4 v0x7f9408462fe0_0;
    %pad/u 4;
    %ix/vec4 4;
    %load/vec4a v0x7f9408462f40, 4;
    %vpi_call 3 191 "$display", " Decoded : %h , Location : RS2", S<0,vec4,u16> {1 0 0};
    %load/vec4 v0x7f9408462fe0_0;
    %addi 1, 0, 2;
    %store/vec4 v0x7f9408462fe0_0, 0, 2;
    %load/vec4 v0x7f94084630f0_0;
    %subi 1, 0, 32;
    %store/vec4 v0x7f94084630f0_0, 0, 32;
    %jmp T_1.45;
T_1.44 ;
    %vpi_call 3 197 "$display", "Stall , RS2 : Full" {0 0 0};
T_1.45 ;
    %jmp T_1.7;
T_1.7 ;
    %pop/vec4 1;
    %jmp T_1.1;
T_1.0 ;
    %load/vec4 v0x7f94084630f0_0;
    %cmpi/e 0, 0, 32;
    %jmp/0xz  T_1.56, 4;
    %vpi_call 3 205 "$display", "Stall IQ : Empty" {0 0 0};
    %jmp T_1.57;
T_1.56 ;
    %vpi_call 3 207 "$display", "Stall , ROB : Full" {0 0 0};
T_1.57 ;
T_1.1 ;
    %jmp T_1;
    .thread T_1;
    .scope S_0x7f94084621a0;
T_2 ;
    %wait E_0x7f940844bc70;
    %delay 1, 0;
    %vpi_func 4 8 "$time" 64 {0 0 0};
    %subi 10, 0, 64;
    %pushi/vec4 20, 0, 64;
    %div;
    %vpi_call 4 8 "$display", S<0,vec4,u64>, " cycle " {1 0 0};
    %vpi_call 4 9 "$display", "--- EXECUTION1 STAGE ---  ", " " {0 0 0};
    %pushi/vec4 0, 0, 32;
    %store/vec4 v0x7f9408462350_0, 0, 32;
T_2.0 ;
    %load/vec4 v0x7f9408462350_0;
    %cmpi/s 4, 0, 32;
    %jmp/0xz T_2.1, 5;
    %ix/getv/s 4, v0x7f9408462350_0;
    %load/vec4a v0x7f9408463d30, 4;
    %ix/load 4, 0, 0;
    %flag_set/imm 4, 0;
    %load/vec4a v0x7f9408463850, 4;
    %nor/r;
    %and;
    %ix/getv/s 4, v0x7f9408462350_0;
    %load/vec4a v0x7f9408463b50, 4;
    %nor/r;
    %and;
    %flag_set/vec4 8;
    %jmp/0xz  T_2.2, 8;
    %ix/getv/s 4, v0x7f9408462350_0;
    %load/vec4a v0x7f9408463ab0, 4;
    %store/vec4 v0x7f9408463970_0, 0, 16;
    %load/vec4 v0x7f9408462350_0;
    %store/vec4 v0x7f9408462c50_0, 0, 32;
    %ix/getv/s 4, v0x7f9408462350_0;
    %load/vec4a v0x7f9408463c90, 4;
    %cmpi/e 0, 0, 4;
    %jmp/0xz  T_2.4, 4;
    %ix/getv/s 4, v0x7f9408462350_0;
    %load/vec4a v0x7f9408463dc0, 4;
    %ix/getv/s 4, v0x7f9408462350_0;
    %load/vec4a v0x7f9408463ef0, 4;
    %sub;
    %assign/vec4 v0x7f9408464020_0, 39;
    %pushi/vec4 1, 0, 1;
    %assign/vec4 v0x7f9408463650_0, 39;
    %vpi_call 4 22 "$display", $time, "Intruction : %h , Executing", v0x7f9408463970_0 {0 0 0};
    %jmp T_2.5;
T_2.4 ;
    %ix/getv/s 4, v0x7f9408462350_0;
    %load/vec4a v0x7f9408463c90, 4;
    %cmpi/e 1, 0, 4;
    %jmp/0xz  T_2.6, 4;
    %ix/getv/s 4, v0x7f9408462350_0;
    %load/vec4a v0x7f9408463dc0, 4;
    %ix/getv/s 4, v0x7f9408462350_0;
    %load/vec4a v0x7f9408463ef0, 4;
    %add;
    %assign/vec4 v0x7f9408464020_0, 39;
    %pushi/vec4 1, 0, 1;
    %assign/vec4 v0x7f9408463650_0, 39;
    %vpi_call 4 29 "$display", $time, "Intruction : %h , Executing", v0x7f9408463970_0 {0 0 0};
T_2.6 ;
T_2.5 ;
    %pushi/vec4 1, 0, 1;
    %ix/getv/s 4, v0x7f9408462350_0;
    %store/vec4a v0x7f9408463b50, 4, 0;
    %load/vec4 v0x7f9408462350_0;
    %addi 1, 0, 32;
    %store/vec4 v0x7f9408462350_0, 0, 32;
    %pushi/vec4 1, 0, 1;
    %ix/load 4, 0, 0;
    %flag_set/imm 4, 0;
    %store/vec4a v0x7f9408463850, 4, 0;
    %jmp T_2.3;
T_2.2 ;
    %ix/getv/s 4, v0x7f9408462350_0;
    %load/vec4a v0x7f9408463d30, 4;
    %ix/load 4, 1, 0;
    %flag_set/imm 4, 0;
    %load/vec4a v0x7f9408463850, 4;
    %nor/r;
    %and;
    %ix/getv/s 4, v0x7f9408462350_0;
    %load/vec4a v0x7f9408463b50, 4;
    %nor/r;
    %and;
    %flag_set/vec4 8;
    %jmp/0xz  T_2.8, 8;
    %ix/getv/s 4, v0x7f9408462350_0;
    %load/vec4a v0x7f9408463ab0, 4;
    %store/vec4 v0x7f9408463a00_0, 0, 16;
    %load/vec4 v0x7f9408462350_0;
    %store/vec4 v0x7f9408462d00_0, 0, 32;
    %ix/getv/s 4, v0x7f9408462350_0;
    %load/vec4a v0x7f9408463c90, 4;
    %cmpi/e 0, 0, 4;
    %jmp/0xz  T_2.10, 4;
    %ix/getv/s 4, v0x7f9408462350_0;
    %load/vec4a v0x7f9408463dc0, 4;
    %ix/getv/s 4, v0x7f9408462350_0;
    %load/vec4a v0x7f9408463ef0, 4;
    %sub;
    %assign/vec4 v0x7f94084642b0_0, 39;
    %pushi/vec4 1, 0, 1;
    %assign/vec4 v0x7f9408464340_0, 39;
    %vpi_call 4 44 "$display", $time, "Intruction : %h , Executing", v0x7f9408463a00_0 {0 0 0};
    %jmp T_2.11;
T_2.10 ;
    %ix/getv/s 4, v0x7f9408462350_0;
    %load/vec4a v0x7f9408463c90, 4;
    %cmpi/e 1, 0, 4;
    %jmp/0xz  T_2.12, 4;
    %ix/getv/s 4, v0x7f9408462350_0;
    %load/vec4a v0x7f9408463dc0, 4;
    %ix/getv/s 4, v0x7f9408462350_0;
    %load/vec4a v0x7f9408463ef0, 4;
    %add;
    %assign/vec4 v0x7f94084642b0_0, 39;
    %pushi/vec4 1, 0, 1;
    %assign/vec4 v0x7f9408464340_0, 39;
    %vpi_call 4 50 "$display", $time, "Intruction : %h , Executing", v0x7f9408463a00_0 {0 0 0};
T_2.12 ;
T_2.11 ;
    %pushi/vec4 1, 0, 1;
    %ix/getv/s 4, v0x7f9408462350_0;
    %store/vec4a v0x7f9408463b50, 4, 0;
    %load/vec4 v0x7f9408462350_0;
    %addi 1, 0, 32;
    %store/vec4 v0x7f9408462350_0, 0, 32;
    %pushi/vec4 1, 0, 1;
    %ix/load 4, 1, 0;
    %flag_set/imm 4, 0;
    %store/vec4a v0x7f9408463850, 4, 0;
    %jmp T_2.9;
T_2.8 ;
    %load/vec4 v0x7f9408462350_0;
    %addi 1, 0, 32;
    %store/vec4 v0x7f9408462350_0, 0, 32;
T_2.9 ;
T_2.3 ;
    %jmp T_2.0;
T_2.1 ;
    %load/vec4 v0x7f9408463650_0;
    %cmpi/e 1, 0, 1;
    %jmp/0xz  T_2.14, 4;
    %vpi_call 4 61 "$display", $time, "Instruction : %h , Execution Complete", v0x7f9408463970_0 {0 0 0};
T_2.14 ;
    %load/vec4 v0x7f9408464340_0;
    %cmpi/e 1, 0, 1;
    %jmp/0xz  T_2.16, 4;
    %vpi_call 4 66 "$display", $time, "Instruction : %h , Execution Complete", v0x7f9408463a00_0 {0 0 0};
T_2.16 ;
    %jmp T_2;
    .thread T_2;
    .scope S_0x7f94084621a0;
T_3 ;
    %wait E_0x7f940844bc70;
    %delay 2, 0;
    %vpi_call 4 73 "$display", "--- EXECUTION2 STAGE ---- ", " " {0 0 0};
    %pushi/vec4 0, 0, 32;
    %store/vec4 v0x7f9408462400_0, 0, 32;
T_3.0 ;
    %load/vec4 v0x7f9408462400_0;
    %cmpi/s 4, 0, 32;
    %jmp/0xz T_3.1, 5;
    %ix/getv/s 4, v0x7f9408462400_0;
    %load/vec4a v0x7f94084648c0, 4;
    %load/vec4 v0x7f9408464460_0;
    %nor/r;
    %and;
    %ix/getv/s 4, v0x7f9408462400_0;
    %load/vec4a v0x7f94084646e0, 4;
    %nor/r;
    %and;
    %flag_set/vec4 8;
    %jmp/0xz  T_3.2, 8;
    %load/vec4 v0x7f9408462400_0;
    %store/vec4 v0x7f9408462df0_0, 0, 32;
    %ix/getv/s 4, v0x7f9408462400_0;
    %load/vec4a v0x7f9408464640, 4;
    %store/vec4 v0x7f9408464590_0, 0, 16;
    %ix/getv/s 4, v0x7f9408462400_0;
    %load/vec4a v0x7f9408464820, 4;
    %cmpi/e 2, 0, 4;
    %jmp/0xz  T_3.4, 4;
    %ix/getv/s 4, v0x7f9408462400_0;
    %load/vec4a v0x7f9408464950, 4;
    %ix/getv/s 4, v0x7f9408462400_0;
    %load/vec4a v0x7f9408464a80, 4;
    %mul;
    %assign/vec4 v0x7f9408464bb0_0, 79;
    %pushi/vec4 1, 0, 1;
    %assign/vec4 v0x7f9408464c60_0, 79;
    %vpi_call 4 86 "$display", $time, "Intruction : %h , Executing", v0x7f9408464590_0 {0 0 0};
    %jmp T_3.5;
T_3.4 ;
    %ix/getv/s 4, v0x7f9408462400_0;
    %load/vec4a v0x7f9408464820, 4;
    %cmpi/e 3, 0, 4;
    %jmp/0xz  T_3.6, 4;
    %ix/getv/s 4, v0x7f9408462400_0;
    %load/vec4a v0x7f9408464950, 4;
    %ix/getv/s 4, v0x7f9408462400_0;
    %load/vec4a v0x7f9408464a80, 4;
    %div;
    %assign/vec4 v0x7f9408464bb0_0, 79;
    %pushi/vec4 1, 0, 1;
    %assign/vec4 v0x7f9408464c60_0, 79;
    %vpi_call 4 93 "$display", $time, "Intruction : %h , Executing", v0x7f9408464590_0 {0 0 0};
T_3.6 ;
T_3.5 ;
    %pushi/vec4 1, 0, 1;
    %ix/getv/s 4, v0x7f9408462400_0;
    %store/vec4a v0x7f94084646e0, 4, 0;
    %pushi/vec4 1, 0, 1;
    %store/vec4 v0x7f9408464460_0, 0, 1;
    %jmp T_3.3;
T_3.2 ;
    %load/vec4 v0x7f9408462400_0;
    %addi 1, 0, 32;
    %store/vec4 v0x7f9408462400_0, 0, 32;
T_3.3 ;
    %jmp T_3.0;
T_3.1 ;
    %load/vec4 v0x7f9408464c60_0;
    %cmpi/e 1, 0, 1;
    %jmp/0xz  T_3.8, 4;
    %vpi_call 4 104 "$display", $time, "Instruction : %h , Execution Complete", v0x7f9408464590_0 {0 0 0};
T_3.8 ;
    %jmp T_3;
    .thread T_3;
    .scope S_0x7f9408462680;
T_4 ;
    %wait E_0x7f940844bc70;
    %load/vec4 v0x7f9408463650_0;
    %flag_set/vec4 8;
    %jmp/0xz  T_4.0, 8;
    %load/vec4 v0x7f9408464020_0;
    %ix/getv/s 5, v0x7f9408462c50_0;
    %load/vec4a v0x7f94084637c0, 5;
    %pad/u 5;
    %ix/vec4 4;
    %store/vec4a v0x7f9408464da0, 4, 0;
    %pushi/vec4 1, 0, 1;
    %ix/getv/s 4, v0x7f9408462c50_0;
    %store/vec4a v0x7f94084638e0, 4, 0;
    %load/vec4 v0x7f9408463be0_0;
    %subi 1, 0, 32;
    %store/vec4 v0x7f9408463be0_0, 0, 32;
    %pushi/vec4 0, 0, 1;
    %ix/load 4, 0, 0;
    %flag_set/imm 4, 0;
    %store/vec4a v0x7f9408463850, 4, 0;
    %pushi/vec4 0, 0, 1;
    %store/vec4 v0x7f9408463650_0, 0, 1;
    %pushi/vec4 0, 0, 32;
    %store/vec4 v0x7f9408462830_0, 0, 32;
T_4.2 ;
    %load/vec4 v0x7f9408462830_0;
    %cmpi/s 4, 0, 32;
    %jmp/0xz T_4.3, 5;
    %ix/getv/s 4, v0x7f9408462830_0;
    %load/vec4a v0x7f9408463e60, 4;
    %nor/r;
    %ix/getv/s 4, v0x7f9408462830_0;
    %load/vec4a v0x7f9408463dc0, 4;
    %ix/getv/s 4, v0x7f9408462c50_0;
    %load/vec4a v0x7f94084637c0, 4;
    %pad/u 8;
    %cmp/e;
    %flag_get/vec4 4;
    %and;
    %flag_set/vec4 8;
    %jmp/0xz  T_4.4, 8;
    %load/vec4 v0x7f9408464020_0;
    %ix/getv/s 4, v0x7f9408462830_0;
    %store/vec4a v0x7f9408463dc0, 4, 0;
    %pushi/vec4 1, 0, 1;
    %ix/getv/s 4, v0x7f9408462830_0;
    %store/vec4a v0x7f9408463e60, 4, 0;
T_4.4 ;
    %ix/getv/s 4, v0x7f9408462830_0;
    %load/vec4a v0x7f9408463f90, 4;
    %nor/r;
    %ix/getv/s 4, v0x7f9408462830_0;
    %load/vec4a v0x7f9408463ef0, 4;
    %ix/getv/s 4, v0x7f9408462c50_0;
    %load/vec4a v0x7f94084637c0, 4;
    %pad/u 8;
    %cmp/e;
    %flag_get/vec4 4;
    %and;
    %flag_set/vec4 8;
    %jmp/0xz  T_4.6, 8;
    %load/vec4 v0x7f9408464020_0;
    %ix/getv/s 4, v0x7f9408462830_0;
    %store/vec4a v0x7f9408463ef0, 4, 0;
    %pushi/vec4 1, 0, 1;
    %ix/getv/s 4, v0x7f9408462830_0;
    %store/vec4a v0x7f9408463e60, 4, 0;
T_4.6 ;
    %ix/getv/s 4, v0x7f9408462830_0;
    %load/vec4a v0x7f9408463f90, 4;
    %ix/getv/s 4, v0x7f9408462830_0;
    %load/vec4a v0x7f9408463f90, 4;
    %and;
    %flag_set/vec4 8;
    %jmp/0xz  T_4.8, 8;
    %pushi/vec4 1, 0, 1;
    %ix/getv/s 4, v0x7f9408462830_0;
    %store/vec4a v0x7f9408463d30, 4, 0;
T_4.8 ;
    %load/vec4 v0x7f9408462830_0;
    %addi 1, 0, 32;
    %store/vec4 v0x7f9408462830_0, 0, 32;
    %jmp T_4.2;
T_4.3 ;
T_4.0 ;
    %jmp T_4;
    .thread T_4;
    .scope S_0x7f9408462680;
T_5 ;
    %wait E_0x7f940844bc70;
    %load/vec4 v0x7f9408464340_0;
    %flag_set/vec4 8;
    %jmp/0xz  T_5.0, 8;
    %load/vec4 v0x7f94084642b0_0;
    %ix/getv/s 5, v0x7f9408462d00_0;
    %load/vec4a v0x7f94084637c0, 5;
    %pad/u 5;
    %ix/vec4 4;
    %store/vec4a v0x7f9408464da0, 4, 0;
    %pushi/vec4 1, 0, 1;
    %ix/getv/s 4, v0x7f9408462d00_0;
    %store/vec4a v0x7f94084638e0, 4, 0;
    %load/vec4 v0x7f9408463be0_0;
    %subi 1, 0, 32;
    %store/vec4 v0x7f9408463be0_0, 0, 32;
    %pushi/vec4 0, 0, 1;
    %ix/load 4, 0, 0;
    %flag_set/imm 4, 0;
    %store/vec4a v0x7f9408463850, 4, 0;
    %pushi/vec4 0, 0, 1;
    %store/vec4 v0x7f9408464340_0, 0, 1;
    %pushi/vec4 0, 0, 32;
    %store/vec4 v0x7f9408462990_0, 0, 32;
T_5.2 ;
    %load/vec4 v0x7f9408462990_0;
    %cmpi/s 4, 0, 32;
    %jmp/0xz T_5.3, 5;
    %ix/getv/s 4, v0x7f9408462990_0;
    %load/vec4a v0x7f9408463e60, 4;
    %nor/r;
    %ix/getv/s 4, v0x7f9408462990_0;
    %load/vec4a v0x7f9408463dc0, 4;
    %ix/getv/s 4, v0x7f9408462d00_0;
    %load/vec4a v0x7f94084637c0, 4;
    %pad/u 8;
    %cmp/e;
    %flag_get/vec4 4;
    %and;
    %flag_set/vec4 8;
    %jmp/0xz  T_5.4, 8;
    %load/vec4 v0x7f94084642b0_0;
    %ix/getv/s 4, v0x7f9408462990_0;
    %store/vec4a v0x7f9408463dc0, 4, 0;
    %pushi/vec4 1, 0, 1;
    %ix/getv/s 4, v0x7f9408462990_0;
    %store/vec4a v0x7f9408463e60, 4, 0;
T_5.4 ;
    %ix/getv/s 4, v0x7f9408462990_0;
    %load/vec4a v0x7f9408463f90, 4;
    %nor/r;
    %ix/getv/s 4, v0x7f9408462990_0;
    %load/vec4a v0x7f9408463ef0, 4;
    %ix/getv/s 4, v0x7f9408462d00_0;
    %load/vec4a v0x7f94084637c0, 4;
    %pad/u 8;
    %cmp/e;
    %flag_get/vec4 4;
    %and;
    %flag_set/vec4 8;
    %jmp/0xz  T_5.6, 8;
    %load/vec4 v0x7f94084642b0_0;
    %ix/getv/s 4, v0x7f9408462990_0;
    %store/vec4a v0x7f9408463ef0, 4, 0;
    %pushi/vec4 1, 0, 1;
    %ix/getv/s 4, v0x7f9408462990_0;
    %store/vec4a v0x7f9408463f90, 4, 0;
T_5.6 ;
    %ix/getv/s 4, v0x7f9408462990_0;
    %load/vec4a v0x7f9408463f90, 4;
    %ix/getv/s 4, v0x7f9408462990_0;
    %load/vec4a v0x7f9408463f90, 4;
    %and;
    %flag_set/vec4 8;
    %jmp/0xz  T_5.8, 8;
    %pushi/vec4 1, 0, 1;
    %ix/getv/s 4, v0x7f9408462990_0;
    %store/vec4a v0x7f9408463d30, 4, 0;
T_5.8 ;
    %load/vec4 v0x7f9408462990_0;
    %addi 1, 0, 32;
    %store/vec4 v0x7f9408462990_0, 0, 32;
    %jmp T_5.2;
T_5.3 ;
T_5.0 ;
    %jmp T_5;
    .thread T_5;
    .scope S_0x7f9408462680;
T_6 ;
    %wait E_0x7f940844bc70;
    %load/vec4 v0x7f9408464c60_0;
    %flag_set/vec4 8;
    %jmp/0xz  T_6.0, 8;
    %load/vec4 v0x7f9408464bb0_0;
    %ix/getv/s 5, v0x7f9408462df0_0;
    %load/vec4a v0x7f94084643d0, 5;
    %pad/u 5;
    %ix/vec4 4;
    %store/vec4a v0x7f9408464da0, 4, 0;
    %pushi/vec4 1, 0, 1;
    %ix/getv/s 4, v0x7f9408462df0_0;
    %store/vec4a v0x7f9408464500, 4, 0;
    %load/vec4 v0x7f9408464770_0;
    %subi 1, 0, 32;
    %store/vec4 v0x7f9408464770_0, 0, 32;
    %pushi/vec4 0, 0, 1;
    %store/vec4 v0x7f9408464460_0, 0, 1;
    %pushi/vec4 0, 0, 1;
    %store/vec4 v0x7f9408464c60_0, 0, 1;
    %pushi/vec4 0, 0, 32;
    %store/vec4 v0x7f94084628e0_0, 0, 32;
T_6.2 ;
    %load/vec4 v0x7f94084628e0_0;
    %cmpi/s 4, 0, 32;
    %jmp/0xz T_6.3, 5;
    %ix/getv/s 4, v0x7f94084628e0_0;
    %load/vec4a v0x7f94084649f0, 4;
    %nor/r;
    %ix/getv/s 4, v0x7f94084628e0_0;
    %load/vec4a v0x7f9408464950, 4;
    %ix/getv/s 4, v0x7f9408462df0_0;
    %load/vec4a v0x7f94084643d0, 4;
    %pad/u 8;
    %cmp/e;
    %flag_get/vec4 4;
    %and;
    %flag_set/vec4 8;
    %jmp/0xz  T_6.4, 8;
    %load/vec4 v0x7f9408464bb0_0;
    %ix/getv/s 4, v0x7f94084628e0_0;
    %store/vec4a v0x7f9408464950, 4, 0;
    %pushi/vec4 1, 0, 1;
    %ix/getv/s 4, v0x7f94084628e0_0;
    %store/vec4a v0x7f94084649f0, 4, 0;
T_6.4 ;
    %ix/getv/s 4, v0x7f94084628e0_0;
    %load/vec4a v0x7f9408464b20, 4;
    %nor/r;
    %ix/getv/s 4, v0x7f94084628e0_0;
    %load/vec4a v0x7f9408464a80, 4;
    %ix/getv/s 4, v0x7f9408462df0_0;
    %load/vec4a v0x7f94084643d0, 4;
    %pad/u 8;
    %cmp/e;
    %flag_get/vec4 4;
    %and;
    %flag_set/vec4 8;
    %jmp/0xz  T_6.6, 8;
    %load/vec4 v0x7f9408464bb0_0;
    %ix/getv/s 4, v0x7f94084628e0_0;
    %store/vec4a v0x7f9408464a80, 4, 0;
    %pushi/vec4 1, 0, 1;
    %ix/getv/s 4, v0x7f94084628e0_0;
    %store/vec4a v0x7f9408464b20, 4, 0;
T_6.6 ;
    %ix/getv/s 4, v0x7f94084628e0_0;
    %load/vec4a v0x7f9408464b20, 4;
    %ix/getv/s 4, v0x7f94084628e0_0;
    %load/vec4a v0x7f9408464b20, 4;
    %and;
    %flag_set/vec4 8;
    %jmp/0xz  T_6.8, 8;
    %pushi/vec4 1, 0, 1;
    %ix/getv/s 4, v0x7f94084628e0_0;
    %store/vec4a v0x7f94084648c0, 4, 0;
T_6.8 ;
    %load/vec4 v0x7f94084628e0_0;
    %addi 1, 0, 32;
    %store/vec4 v0x7f94084628e0_0, 0, 32;
    %jmp T_6.2;
T_6.3 ;
T_6.0 ;
    %jmp T_6;
    .thread T_6;
    .scope S_0x7f940842b070;
T_7 ;
    %pushi/vec4 0, 0, 1;
    %store/vec4 v0x7f9408462a50_0, 0, 1;
    %pushi/vec4 0, 0, 4;
    %store/vec4 v0x7f9408463450_0, 0, 4;
    %pushi/vec4 0, 0, 1;
    %store/vec4 v0x7f9408463250_0, 0, 1;
    %pushi/vec4 0, 0, 2;
    %store/vec4 v0x7f9408462fe0_0, 0, 2;
    %pushi/vec4 0, 0, 2;
    %store/vec4 v0x7f94084631a0_0, 0, 2;
    %pushi/vec4 0, 0, 32;
    %store/vec4 v0x7f94084630f0_0, 0, 32;
    %pushi/vec4 0, 0, 3;
    %store/vec4 v0x7f9408462ba0_0, 0, 3;
    %pushi/vec4 0, 0, 3;
    %store/vec4 v0x7f9408464f90_0, 0, 3;
    %pushi/vec4 0, 0, 32;
    %store/vec4 v0x7f9408464e40_0, 0, 32;
    %pushi/vec4 0, 0, 32;
    %store/vec4 v0x7f94084632f0_0, 0, 32;
T_7.0 ;
    %load/vec4 v0x7f94084632f0_0;
    %cmpi/s 8, 0, 32;
    %jmp/0xz T_7.1, 5;
    %pushi/vec4 0, 0, 1;
    %ix/getv/s 4, v0x7f94084632f0_0;
    %store/vec4a v0x7f9408462b00, 4, 0;
    %pushi/vec4 0, 0, 1;
    %ix/getv/s 4, v0x7f94084632f0_0;
    %store/vec4a v0x7f9408465040, 4, 0;
    %pushi/vec4 1, 0, 1;
    %load/vec4 v0x7f94084632f0_0;
    %pad/s 65;
    %muli 2, 0, 65;
    %addi 1, 0, 65;
    %ix/vec4/s 4;
    %store/vec4a v0x7f9408463730, 4, 0;
    %pushi/vec4 1, 0, 1;
    %load/vec4 v0x7f94084632f0_0;
    %pad/s 64;
    %muli 2, 0, 64;
    %ix/vec4/s 4;
    %store/vec4a v0x7f9408463730, 4, 0;
    %load/vec4 v0x7f94084632f0_0;
    %addi 1, 0, 32;
    %store/vec4 v0x7f94084632f0_0, 0, 32;
    %jmp T_7.0;
T_7.1 ;
    %pushi/vec4 0, 0, 32;
    %store/vec4 v0x7f9408463be0_0, 0, 32;
    %pushi/vec4 0, 0, 32;
    %store/vec4 v0x7f9408464770_0, 0, 32;
    %pushi/vec4 0, 0, 32;
    %store/vec4 v0x7f94084633a0_0, 0, 32;
T_7.2 ;
    %load/vec4 v0x7f94084633a0_0;
    %cmpi/s 4, 0, 32;
    %jmp/0xz T_7.3, 5;
    %pushi/vec4 1, 0, 1;
    %ix/getv/s 4, v0x7f94084633a0_0;
    %store/vec4a v0x7f94084638e0, 4, 0;
    %pushi/vec4 1, 0, 1;
    %ix/getv/s 4, v0x7f94084633a0_0;
    %store/vec4a v0x7f9408464500, 4, 0;
    %pushi/vec4 0, 0, 1;
    %ix/getv/s 4, v0x7f94084633a0_0;
    %store/vec4a v0x7f9408463e60, 4, 0;
    %pushi/vec4 0, 0, 1;
    %ix/getv/s 4, v0x7f94084633a0_0;
    %store/vec4a v0x7f9408463f90, 4, 0;
    %pushi/vec4 0, 0, 1;
    %ix/getv/s 4, v0x7f94084633a0_0;
    %store/vec4a v0x7f94084649f0, 4, 0;
    %pushi/vec4 0, 0, 1;
    %ix/getv/s 4, v0x7f94084633a0_0;
    %store/vec4a v0x7f9408464b20, 4, 0;
    %pushi/vec4 0, 0, 1;
    %ix/getv/s 4, v0x7f94084633a0_0;
    %store/vec4a v0x7f9408463d30, 4, 0;
    %pushi/vec4 0, 0, 1;
    %ix/getv/s 4, v0x7f94084633a0_0;
    %store/vec4a v0x7f94084648c0, 4, 0;
    %pushi/vec4 0, 0, 1;
    %ix/getv/s 4, v0x7f94084633a0_0;
    %store/vec4a v0x7f9408463b50, 4, 0;
    %pushi/vec4 0, 0, 1;
    %ix/getv/s 4, v0x7f94084633a0_0;
    %store/vec4a v0x7f94084646e0, 4, 0;
    %load/vec4 v0x7f94084633a0_0;
    %addi 1, 0, 32;
    %store/vec4 v0x7f94084633a0_0, 0, 32;
    %jmp T_7.2;
T_7.3 ;
    %pushi/vec4 0, 0, 1;
    %ix/load 4, 0, 0;
    %flag_set/imm 4, 0;
    %store/vec4a v0x7f9408463850, 4, 0;
    %pushi/vec4 0, 0, 1;
    %ix/load 4, 1, 0;
    %flag_set/imm 4, 0;
    %store/vec4a v0x7f9408463850, 4, 0;
    %pushi/vec4 0, 0, 1;
    %store/vec4 v0x7f9408464460_0, 0, 1;
    %pushi/vec4 0, 0, 1;
    %store/vec4 v0x7f9408463650_0, 0, 1;
    %pushi/vec4 0, 0, 1;
    %store/vec4 v0x7f9408464340_0, 0, 1;
    %vpi_call 2 157 "$readmemh", "instruction_memory.dat", v0x7f9408462ea0 {0 0 0};
    %end;
    .thread T_7;
    .scope S_0x7f940842b070;
T_8 ;
    %delay 10, 0;
    %load/vec4 v0x7f9408462a50_0;
    %inv;
    %store/vec4 v0x7f9408462a50_0, 0, 1;
    %jmp T_8;
    .thread T_8;
    .scope S_0x7f940842b070;
T_9 ;
    %delay 400, 0;
    %vpi_call 2 163 "$finish" {0 0 0};
    %end;
    .thread T_9;
# The file index is used to find the file name in the following table.
:file_names 6;
    "N/A";
    "<interactive>";
    "run.v";
    "issue.v";
    "execute.v";
    "write_back.v";
